<?xml version="1.0" encoding="UTF-8"?>
<!-- Generated by org.testng.reporters.JUnitXMLReporter -->
<testsuite ignored="4" hostname="NiwasKumar" failures="0" tests="15" name="API Tests" time="12.893" errors="0" timestamp="2025-07-25T02:04:41 IST">
  <testcase classname="tests.VerifyPositiveScenarioForUserAccountTest" name="NewUserCreation" time="2.166"/>
  <testcase classname="tests.VerifyPositiveScenarioForUserAccountTest" name="GenerateNewTokentoAccessUser" time="1.04"/>
  <testcase classname="tests.VerifyPositiveScenarioForUserAccountTest" name="testUserIsCreated" time="1.214"/>
  <testcase classname="tests.VerifyPositiveScenarioForBookTest" name="createBookInCollection" time="0.631"/>
  <testcase classname="tests.VerifyPositiveScenarioForBookTest" name="testGetAllBooks" time="0.623"/>
  <testcase classname="tests.VerifyPositiveScenarioForBookTest" name="updateBookInCollection" time="0.787"/>
  <testcase classname="tests.VerifyPositiveScenarioForBookTest" name="deleteBookFromCollection" time="0.823"/>
  <testcase classname="tests.VerifyPositiveScenarioForBookTest" name="checkIfBookDeleted" time="0.652"/>
  <testcase classname="tests.VerifyNegativeScenarioUserAndBook" name="createBookInCollection" time="0.564"/>
  <testcase classname="tests.VerifyNegativeScenarioUserAndBook" name="deleteBookFromCollection" time="0.585"/>
  <testcase classname="tests.VerifyNegativeScenarioUserAndBook" name="testGenerateTokenInvalidCredentials" time="1.616"/>
  <testcase classname="tests.VerifyNegativeScenarioUserAndBook" name="testUserIsCreated" time="0.577"/>
  <testcase classname="tests.VerifyNegativeScenarioUserAndBook" name="test_CreateUserWhenPayloadDataMissing" time="0.517"/>
  <testcase classname="tests.VerifyNegativeScenarioUserAndBook" name="test_CreateUserWithInvalidPassword" time="0.514"/>
  <testcase classname="tests.VerifyNegativeScenarioUserAndBook" name="updateBookInCollection" time="0.53"/>
  <testcase classname="base.BasicAPITest" name="@BeforeSuite init" time="0.0">
    <ignored/>
  </testcase> <!-- @BeforeSuite init -->
  <testcase classname="base.BasicAPITest" name="@AfterSuite tearDown" time="0.0">
    <ignored/>
  </testcase> <!-- @AfterSuite tearDown -->
  <testcase classname="base.BasicAPITest" name="@AfterSuite tearDown" time="0.0">
    <ignored/>
  </testcase> <!-- @AfterSuite tearDown -->
  <testcase classname="base.BasicAPITest" name="@BeforeSuite init" time="0.0">
    <ignored/>
  </testcase> <!-- @BeforeSuite init -->
</testsuite> <!-- API Tests -->
