<?xml version="1.0" encoding="UTF-8"?>
<!-- Generated by org.testng.reporters.JUnitXMLReporter -->
<testsuite ignored="4" hostname="NiwasKumar" failures="0" tests="14" name="API Positive and Negative Scenario Tests" time="13.594" errors="0" timestamp="2025-07-19T22:31:57 IST">
  <testcase classname="tests.VerifyPositiveScenarioForUserAccountTest" name="NewUserCreation" time="2.613"/>
  <testcase classname="tests.VerifyPositiveScenarioForUserAccountTest" name="GenerateNewTokentoAccessUser" time="1.299"/>
  <testcase classname="tests.VerifyPositiveScenarioForUserAccountTest" name="testUserIsCreated" time="1.23"/>
  <testcase classname="tests.VerifyPositiveScenarioForBookTest" name="createBookInCollection" time="0.661"/>
  <testcase classname="tests.VerifyPositiveScenarioForBookTest" name="testGetAllBooks" time="0.587"/>
  <testcase classname="tests.VerifyPositiveScenarioForBookTest" name="updateBookInCollection" time="0.894"/>
  <testcase classname="tests.VerifyPositiveScenarioForBookTest" name="deleteBookFromCollection" time="0.916"/>
  <testcase classname="tests.VerifyPositiveScenarioForBookTest" name="checkIfBookDeleted" time="0.661"/>
  <testcase classname="tests.VerifyNegativeScenario" name="createBookInCollection" time="0.575"/>
  <testcase classname="tests.VerifyNegativeScenario" name="deleteBookFromCollection" time="0.715"/>
  <testcase classname="tests.VerifyNegativeScenario" name="testCreateUserWithWeakPassword" time="0.614"/>
  <testcase classname="tests.VerifyNegativeScenario" name="testGenerateTokenInvalidCredentials" time="1.433"/>
  <testcase classname="tests.VerifyNegativeScenario" name="testUserIsCreated" time="0.615"/>
  <testcase classname="tests.VerifyNegativeScenario" name="updateBookInCollection" time="0.717"/>
  <testcase classname="base.BasicAPITest" name="@BeforeSuite init" time="0.0">
    <ignored/>
  </testcase> <!-- @BeforeSuite init -->
  <testcase classname="base.BasicAPITest" name="@AfterSuite tearDown" time="0.0">
    <ignored/>
  </testcase> <!-- @AfterSuite tearDown -->
  <testcase classname="base.BasicAPITest" name="@AfterSuite tearDown" time="0.0">
    <ignored/>
  </testcase> <!-- @AfterSuite tearDown -->
  <testcase classname="base.BasicAPITest" name="@BeforeSuite init" time="0.0">
    <ignored/>
  </testcase> <!-- @BeforeSuite init -->
</testsuite> <!-- API Positive and Negative Scenario Tests -->
